<?xml version="1.0" encoding="UTF-8"?>
<testsuite name="com.bridgelabz.quantityTest.QuantityMeasurementTest" tests="1" skipped="0" failures="0" errors="0" timestamp="2020-03-30T13:40:45" hostname="nisha-Inspiron-15-3567" time="0.004">
  <properties/>
  <testcase name="given212FAnd100C_shouldReturnEqualVolume" classname="com.bridgelabz.quantityTest.QuantityMeasurementTest" time="0.004"/>
  <system-out><![CDATA[]]></system-out>
  <system-err><![CDATA[]]></system-err>
</testsuite>
